<?xml version="1.0" encoding="UTF-8"?>
<testsuites tests="300" failures="0" disabled="0" errors="0" time="0.008" timestamp="2023-06-16T11:31:06.241" name="AllTests">
  <testsuite name="universal_sysex" tests="5" failures="0" disabled="0" skipped="0" errors="0" time="0" timestamp="2023-06-16T11:31:06.242">
    <testcase name="sysex7" file="/Users/franz.detro/dev/libs/3rdparty/ni-midi2/tests/universal_sysex_tests.cpp" line="12" status="run" result="completed" time="0" timestamp="2023-06-16T11:31:06.242" classname="universal_sysex" />
    <testcase name="set_device_id" file="/Users/franz.detro/dev/libs/3rdparty/ni-midi2/tests/universal_sysex_tests.cpp" line="81" status="run" result="completed" time="0" timestamp="2023-06-16T11:31:06.242" classname="universal_sysex" />
    <testcase name="universal_sysex_view" file="/Users/franz.detro/dev/libs/3rdparty/ni-midi2/tests/universal_sysex_tests.cpp" line="100" status="run" result="completed" time="0" timestamp="2023-06-16T11:31:06.242" classname="universal_sysex" />
    <testcase name="identity_request" file="/Users/franz.detro/dev/libs/3rdparty/ni-midi2/tests/universal_sysex_tests.cpp" line="150" status="run" result="completed" time="0" timestamp="2023-06-16T11:31:06.242" classname="universal_sysex" />
    <testcase name="identity_reply" file="/Users/franz.detro/dev/libs/3rdparty/ni-midi2/tests/universal_sysex_tests.cpp" line="217" status="run" result="completed" time="0" timestamp="2023-06-16T11:31:06.242" classname="universal_sysex" />
  </testsuite>
  <testsuite name="capability_inquiry" tests="23" failures="0" disabled="0" skipped="0" errors="0" time="0" timestamp="2023-06-16T11:31:06.242">
    <testcase name="is_capability_inquiry_message" file="/Users/franz.detro/dev/libs/3rdparty/ni-midi2/tests/capability_inquiry_tests.cpp" line="38" status="run" result="completed" time="0" timestamp="2023-06-16T11:31:06.242" classname="capability_inquiry" />
    <testcase name="capability_inquiry_view" file="/Users/franz.detro/dev/libs/3rdparty/ni-midi2/tests/capability_inquiry_tests.cpp" line="80" status="run" result="completed" time="0" timestamp="2023-06-16T11:31:06.242" classname="capability_inquiry" />
    <testcase name="message_constructor" file="/Users/franz.detro/dev/libs/3rdparty/ni-midi2/tests/capability_inquiry_tests.cpp" line="129" status="run" result="completed" time="0" timestamp="2023-06-16T11:31:06.242" classname="capability_inquiry" />
    <testcase name="message_version" file="/Users/franz.detro/dev/libs/3rdparty/ni-midi2/tests/capability_inquiry_tests.cpp" line="225" status="run" result="completed" time="0" timestamp="2023-06-16T11:31:06.242" classname="capability_inquiry" />
    <testcase name="message_muids" file="/Users/franz.detro/dev/libs/3rdparty/ni-midi2/tests/capability_inquiry_tests.cpp" line="263" status="run" result="completed" time="0" timestamp="2023-06-16T11:31:06.242" classname="capability_inquiry" />
    <testcase name="discovery_message_view" file="/Users/franz.detro/dev/libs/3rdparty/ni-midi2/tests/capability_inquiry_tests.cpp" line="317" status="run" result="completed" time="0" timestamp="2023-06-16T11:31:06.242" classname="capability_inquiry" />
    <testcase name="make_discovery_message_v1" file="/Users/franz.detro/dev/libs/3rdparty/ni-midi2/tests/capability_inquiry_tests.cpp" line="421" status="run" result="completed" time="0" timestamp="2023-06-16T11:31:06.242" classname="capability_inquiry" />
    <testcase name="discovery_inquiry_view" file="/Users/franz.detro/dev/libs/3rdparty/ni-midi2/tests/capability_inquiry_tests.cpp" line="454" status="run" result="completed" time="0" timestamp="2023-06-16T11:31:06.242" classname="capability_inquiry" />
    <testcase name="discovery_inquiry" file="/Users/franz.detro/dev/libs/3rdparty/ni-midi2/tests/capability_inquiry_tests.cpp" line="529" status="run" result="completed" time="0" timestamp="2023-06-16T11:31:06.242" classname="capability_inquiry" />
    <testcase name="make_discovery_inquiry_v1" file="/Users/franz.detro/dev/libs/3rdparty/ni-midi2/tests/capability_inquiry_tests.cpp" line="565" status="run" result="completed" time="0" timestamp="2023-06-16T11:31:06.242" classname="capability_inquiry" />
    <testcase name="discovery_reply_view" file="/Users/franz.detro/dev/libs/3rdparty/ni-midi2/tests/capability_inquiry_tests.cpp" line="595" status="run" result="completed" time="0" timestamp="2023-06-16T11:31:06.242" classname="capability_inquiry" />
    <testcase name="discovery_reply" file="/Users/franz.detro/dev/libs/3rdparty/ni-midi2/tests/capability_inquiry_tests.cpp" line="674" status="run" result="completed" time="0" timestamp="2023-06-16T11:31:06.242" classname="capability_inquiry" />
    <testcase name="make_discovery_reply_v1" file="/Users/franz.detro/dev/libs/3rdparty/ni-midi2/tests/capability_inquiry_tests.cpp" line="711" status="run" result="completed" time="0" timestamp="2023-06-16T11:31:06.242" classname="capability_inquiry" />
    <testcase name="endpoint_information_inquiry_view" file="/Users/franz.detro/dev/libs/3rdparty/ni-midi2/tests/capability_inquiry_tests.cpp" line="744" status="run" result="completed" time="0" timestamp="2023-06-16T11:31:06.242" classname="capability_inquiry" />
    <testcase name="make_endpoint_information_inquiry" file="/Users/franz.detro/dev/libs/3rdparty/ni-midi2/tests/capability_inquiry_tests.cpp" line="789" status="run" result="completed" time="0" timestamp="2023-06-16T11:31:06.242" classname="capability_inquiry" />
    <testcase name="endpoint_information_reply_view" file="/Users/franz.detro/dev/libs/3rdparty/ni-midi2/tests/capability_inquiry_tests.cpp" line="817" status="run" result="completed" time="0" timestamp="2023-06-16T11:31:06.242" classname="capability_inquiry" />
    <testcase name="make_endpoint_information_reply" file="/Users/franz.detro/dev/libs/3rdparty/ni-midi2/tests/capability_inquiry_tests.cpp" line="887" status="run" result="completed" time="0" timestamp="2023-06-16T11:31:06.242" classname="capability_inquiry" />
    <testcase name="invalidate_muid" file="/Users/franz.detro/dev/libs/3rdparty/ni-midi2/tests/capability_inquiry_tests.cpp" line="921" status="run" result="completed" time="0" timestamp="2023-06-16T11:31:06.242" classname="capability_inquiry" />
    <testcase name="ack_view" file="/Users/franz.detro/dev/libs/3rdparty/ni-midi2/tests/capability_inquiry_tests.cpp" line="947" status="run" result="completed" time="0" timestamp="2023-06-16T11:31:06.242" classname="capability_inquiry" />
    <testcase name="make_ack_message" file="/Users/franz.detro/dev/libs/3rdparty/ni-midi2/tests/capability_inquiry_tests.cpp" line="1039" status="run" result="completed" time="0" timestamp="2023-06-16T11:31:06.242" classname="capability_inquiry" />
    <testcase name="nak_view" file="/Users/franz.detro/dev/libs/3rdparty/ni-midi2/tests/capability_inquiry_tests.cpp" line="1085" status="run" result="completed" time="0" timestamp="2023-06-16T11:31:06.242" classname="capability_inquiry" />
    <testcase name="make_nak_message_v1" file="/Users/franz.detro/dev/libs/3rdparty/ni-midi2/tests/capability_inquiry_tests.cpp" line="1186" status="run" result="completed" time="0" timestamp="2023-06-16T11:31:06.242" classname="capability_inquiry" />
    <testcase name="make_nak_message" file="/Users/franz.detro/dev/libs/3rdparty/ni-midi2/tests/capability_inquiry_tests.cpp" line="1239" status="run" result="completed" time="0" timestamp="2023-06-16T11:31:06.242" classname="capability_inquiry" />
  </testsuite>
  <testsuite name="ci_profile_configuration" tests="18" failures="0" disabled="0" skipped="0" errors="0" time="0" timestamp="2023-06-16T11:31:06.242">
    <testcase name="profile_id" file="/Users/franz.detro/dev/libs/3rdparty/ni-midi2/tests/ci_profile_configuration_tests.cpp" line="38" status="run" result="completed" time="0" timestamp="2023-06-16T11:31:06.242" classname="ci_profile_configuration" />
    <testcase name="profile_inquiry" file="/Users/franz.detro/dev/libs/3rdparty/ni-midi2/tests/ci_profile_configuration_tests.cpp" line="94" status="run" result="completed" time="0" timestamp="2023-06-16T11:31:06.242" classname="ci_profile_configuration" />
    <testcase name="profile_inquiry_reply_view_make_profiles" file="/Users/franz.detro/dev/libs/3rdparty/ni-midi2/tests/ci_profile_configuration_tests.cpp" line="193" status="run" result="completed" time="0" timestamp="2023-06-16T11:31:06.242" classname="ci_profile_configuration" />
    <testcase name="profile_inquiry_reply_view" file="/Users/franz.detro/dev/libs/3rdparty/ni-midi2/tests/ci_profile_configuration_tests.cpp" line="239" status="run" result="completed" time="0" timestamp="2023-06-16T11:31:06.242" classname="ci_profile_configuration" />
    <testcase name="make_profile_inquiry_reply_from_carray" file="/Users/franz.detro/dev/libs/3rdparty/ni-midi2/tests/ci_profile_configuration_tests.cpp" line="450" status="run" result="completed" time="0" timestamp="2023-06-16T11:31:06.242" classname="ci_profile_configuration" />
    <testcase name="make_profile_inquiry_reply_from_vector" file="/Users/franz.detro/dev/libs/3rdparty/ni-midi2/tests/ci_profile_configuration_tests.cpp" line="662" status="run" result="completed" time="0" timestamp="2023-06-16T11:31:06.242" classname="ci_profile_configuration" />
    <testcase name="profile_id_view" file="/Users/franz.detro/dev/libs/3rdparty/ni-midi2/tests/ci_profile_configuration_tests.cpp" line="819" status="run" result="completed" time="0" timestamp="2023-06-16T11:31:06.242" classname="ci_profile_configuration" />
    <testcase name="set_profile_on" file="/Users/franz.detro/dev/libs/3rdparty/ni-midi2/tests/ci_profile_configuration_tests.cpp" line="973" status="run" result="completed" time="0" timestamp="2023-06-16T11:31:06.242" classname="ci_profile_configuration" />
    <testcase name="set_profile_off" file="/Users/franz.detro/dev/libs/3rdparty/ni-midi2/tests/ci_profile_configuration_tests.cpp" line="1030" status="run" result="completed" time="0" timestamp="2023-06-16T11:31:06.242" classname="ci_profile_configuration" />
    <testcase name="profile_enabled" file="/Users/franz.detro/dev/libs/3rdparty/ni-midi2/tests/ci_profile_configuration_tests.cpp" line="1087" status="run" result="completed" time="0" timestamp="2023-06-16T11:31:06.242" classname="ci_profile_configuration" />
    <testcase name="profile_disabled" file="/Users/franz.detro/dev/libs/3rdparty/ni-midi2/tests/ci_profile_configuration_tests.cpp" line="1144" status="run" result="completed" time="0" timestamp="2023-06-16T11:31:06.242" classname="ci_profile_configuration" />
    <testcase name="profile_added" file="/Users/franz.detro/dev/libs/3rdparty/ni-midi2/tests/ci_profile_configuration_tests.cpp" line="1201" status="run" result="completed" time="0" timestamp="2023-06-16T11:31:06.242" classname="ci_profile_configuration" />
    <testcase name="profile_removed" file="/Users/franz.detro/dev/libs/3rdparty/ni-midi2/tests/ci_profile_configuration_tests.cpp" line="1258" status="run" result="completed" time="0" timestamp="2023-06-16T11:31:06.242" classname="ci_profile_configuration" />
    <testcase name="profile_details_inquiry_view" file="/Users/franz.detro/dev/libs/3rdparty/ni-midi2/tests/ci_profile_configuration_tests.cpp" line="1315" status="run" result="completed" time="0" timestamp="2023-06-16T11:31:06.242" classname="ci_profile_configuration" />
    <testcase name="make_profile_details_inquiry" file="/Users/franz.detro/dev/libs/3rdparty/ni-midi2/tests/ci_profile_configuration_tests.cpp" line="1396" status="run" result="completed" time="0" timestamp="2023-06-16T11:31:06.242" classname="ci_profile_configuration" />
    <testcase name="profile_details_reply_view" file="/Users/franz.detro/dev/libs/3rdparty/ni-midi2/tests/ci_profile_configuration_tests.cpp" line="1426" status="run" result="completed" time="0" timestamp="2023-06-16T11:31:06.242" classname="ci_profile_configuration" />
    <testcase name="make_profile_details_reply" file="/Users/franz.detro/dev/libs/3rdparty/ni-midi2/tests/ci_profile_configuration_tests.cpp" line="1483" status="run" result="completed" time="0" timestamp="2023-06-16T11:31:06.242" classname="ci_profile_configuration" />
    <testcase name="profile_specific_data" file="/Users/franz.detro/dev/libs/3rdparty/ni-midi2/tests/ci_profile_configuration_tests.cpp" line="1517" status="run" result="completed" time="0" timestamp="2023-06-16T11:31:06.242" classname="ci_profile_configuration" />
  </testsuite>
  <testsuite name="ci_property_exchange" tests="13" failures="0" disabled="0" skipped="0" errors="0" time="0" timestamp="2023-06-16T11:31:06.242">
    <testcase name="property_exchange_capabilities_view" file="/Users/franz.detro/dev/libs/3rdparty/ni-midi2/tests/ci_property_exchange_tests.cpp" line="38" status="run" result="completed" time="0" timestamp="2023-06-16T11:31:06.242" classname="ci_property_exchange" />
    <testcase name="make_property_exchange_capabilities_inquiry" file="/Users/franz.detro/dev/libs/3rdparty/ni-midi2/tests/ci_property_exchange_tests.cpp" line="148" status="run" result="completed" time="0" timestamp="2023-06-16T11:31:06.242" classname="ci_property_exchange" />
    <testcase name="reply_capabilities" file="/Users/franz.detro/dev/libs/3rdparty/ni-midi2/tests/ci_property_exchange_tests.cpp" line="221" status="run" result="completed" time="0" timestamp="2023-06-16T11:31:06.242" classname="ci_property_exchange" />
    <testcase name="property_data_message_view" file="/Users/franz.detro/dev/libs/3rdparty/ni-midi2/tests/ci_property_exchange_tests.cpp" line="293" status="run" result="completed" time="0" timestamp="2023-06-16T11:31:06.242" classname="ci_property_exchange" />
    <testcase name="property_data_message_from_carray" file="/Users/franz.detro/dev/libs/3rdparty/ni-midi2/tests/ci_property_exchange_tests.cpp" line="439" status="run" result="completed" time="0" timestamp="2023-06-16T11:31:06.242" classname="ci_property_exchange" />
    <testcase name="make_rjson" file="/Users/franz.detro/dev/libs/3rdparty/ni-midi2/tests/ci_property_exchange_tests.cpp" line="590" status="run" result="completed" time="0" timestamp="2023-06-16T11:31:06.242" classname="ci_property_exchange" />
    <testcase name="get_property_data_inquiry" file="/Users/franz.detro/dev/libs/3rdparty/ni-midi2/tests/ci_property_exchange_tests.cpp" line="641" status="run" result="completed" time="0" timestamp="2023-06-16T11:31:06.242" classname="ci_property_exchange" />
    <testcase name="get_property_data_reply" file="/Users/franz.detro/dev/libs/3rdparty/ni-midi2/tests/ci_property_exchange_tests.cpp" line="762" status="run" result="completed" time="0" timestamp="2023-06-16T11:31:06.242" classname="ci_property_exchange" />
    <testcase name="set_property_data_inquiry" file="/Users/franz.detro/dev/libs/3rdparty/ni-midi2/tests/ci_property_exchange_tests.cpp" line="981" status="run" result="completed" time="0" timestamp="2023-06-16T11:31:06.242" classname="ci_property_exchange" />
    <testcase name="set_property_data_reply" file="/Users/franz.detro/dev/libs/3rdparty/ni-midi2/tests/ci_property_exchange_tests.cpp" line="1148" status="run" result="completed" time="0" timestamp="2023-06-16T11:31:06.242" classname="ci_property_exchange" />
    <testcase name="subscription" file="/Users/franz.detro/dev/libs/3rdparty/ni-midi2/tests/ci_property_exchange_tests.cpp" line="1278" status="run" result="completed" time="0" timestamp="2023-06-16T11:31:06.242" classname="ci_property_exchange" />
    <testcase name="subscription_reply" file="/Users/franz.detro/dev/libs/3rdparty/ni-midi2/tests/ci_property_exchange_tests.cpp" line="1412" status="run" result="completed" time="0" timestamp="2023-06-16T11:31:06.242" classname="ci_property_exchange" />
    <testcase name="notify" file="/Users/franz.detro/dev/libs/3rdparty/ni-midi2/tests/ci_property_exchange_tests.cpp" line="1538" status="run" result="completed" time="0" timestamp="2023-06-16T11:31:06.242" classname="ci_property_exchange" />
  </testsuite>
  <testsuite name="ci_process_inquiry" tests="5" failures="0" disabled="0" skipped="0" errors="0" time="0" timestamp="2023-06-16T11:31:06.243">
    <testcase name="process_inquiry_capabilities_inquiry" file="/Users/franz.detro/dev/libs/3rdparty/ni-midi2/tests/ci_process_inquiry_tests.cpp" line="34" status="run" result="completed" time="0" timestamp="2023-06-16T11:31:06.243" classname="ci_process_inquiry" />
    <testcase name="process_inquiry_capabilities_reply" file="/Users/franz.detro/dev/libs/3rdparty/ni-midi2/tests/ci_process_inquiry_tests.cpp" line="57" status="run" result="completed" time="0" timestamp="2023-06-16T11:31:06.243" classname="ci_process_inquiry" />
    <testcase name="midi_message_report_inquiry" file="/Users/franz.detro/dev/libs/3rdparty/ni-midi2/tests/ci_process_inquiry_tests.cpp" line="81" status="run" result="completed" time="0" timestamp="2023-06-16T11:31:06.243" classname="ci_process_inquiry" />
    <testcase name="midi_message_report_reply" file="/Users/franz.detro/dev/libs/3rdparty/ni-midi2/tests/ci_process_inquiry_tests.cpp" line="109" status="run" result="completed" time="0" timestamp="2023-06-16T11:31:06.243" classname="ci_process_inquiry" />
    <testcase name="midi_message_report_end" file="/Users/franz.detro/dev/libs/3rdparty/ni-midi2/tests/ci_process_inquiry_tests.cpp" line="136" status="run" result="completed" time="0" timestamp="2023-06-16T11:31:06.243" classname="ci_process_inquiry" />
  </testsuite>
  <testsuite name="jr_timestamps" tests="9" failures="0" disabled="0" skipped="3" errors="0" time="0" timestamp="2023-06-16T11:31:06.243">
    <testcase name="jr_timestamp_t_constructor" file="/Users/franz.detro/dev/libs/3rdparty/ni-midi2/tests/jitter_reduction_timestamps_tests.cpp" line="40" status="run" result="completed" time="0" timestamp="2023-06-16T11:31:06.243" classname="jr_timestamps" />
    <testcase name="jr_timestamp_t_equality" file="/Users/franz.detro/dev/libs/3rdparty/ni-midi2/tests/jitter_reduction_timestamps_tests.cpp" line="59" status="run" result="completed" time="0" timestamp="2023-06-16T11:31:06.243" classname="jr_timestamps" />
    <testcase name="jr_timestamp_t_minus" file="/Users/franz.detro/dev/libs/3rdparty/ni-midi2/tests/jitter_reduction_timestamps_tests.cpp" line="101" status="run" result="completed" time="0" timestamp="2023-06-16T11:31:06.243" classname="jr_timestamps" />
    <testcase name="jr_clock" file="/Users/franz.detro/dev/libs/3rdparty/ni-midi2/tests/jitter_reduction_timestamps_tests.cpp" line="133" status="run" result="skipped" time="0" timestamp="2023-06-16T11:31:06.243" classname="jr_timestamps">
      <skipped message="/Users/franz.detro/dev/libs/3rdparty/ni-midi2/tests/jitter_reduction_timestamps_tests.cpp:136&#x0A;Skipping jr_clock test"><![CDATA[/Users/franz.detro/dev/libs/3rdparty/ni-midi2/tests/jitter_reduction_timestamps_tests.cpp:136
Skipping jr_clock test]]></skipped>
    </testcase>
    <testcase name="jr_clock_message" file="/Users/franz.detro/dev/libs/3rdparty/ni-midi2/tests/jitter_reduction_timestamps_tests.cpp" line="161" status="run" result="completed" time="0" timestamp="2023-06-16T11:31:06.243" classname="jr_timestamps" />
    <testcase name="jr_timestamp_message" file="/Users/franz.detro/dev/libs/3rdparty/ni-midi2/tests/jitter_reduction_timestamps_tests.cpp" line="211" status="run" result="completed" time="0" timestamp="2023-06-16T11:31:06.243" classname="jr_timestamps" />
    <testcase name="jr_clock_follower" file="/Users/franz.detro/dev/libs/3rdparty/ni-midi2/tests/jitter_reduction_timestamps_tests.cpp" line="262" status="run" result="completed" time="0" timestamp="2023-06-16T11:31:06.243" classname="jr_timestamps" />
    <testcase name="jr_clock_follower_schedule_message" file="/Users/franz.detro/dev/libs/3rdparty/ni-midi2/tests/jitter_reduction_timestamps_tests.cpp" line="277" status="run" result="skipped" time="0" timestamp="2023-06-16T11:31:06.243" classname="jr_timestamps">
      <skipped message="/Users/franz.detro/dev/libs/3rdparty/ni-midi2/tests/jitter_reduction_timestamps_tests.cpp:280&#x0A;Skipping jr_clock_follower_schedule_message test"><![CDATA[/Users/franz.detro/dev/libs/3rdparty/ni-midi2/tests/jitter_reduction_timestamps_tests.cpp:280
Skipping jr_clock_follower_schedule_message test]]></skipped>
    </testcase>
    <testcase name="jr_clock_follower_process_clock" file="/Users/franz.detro/dev/libs/3rdparty/ni-midi2/tests/jitter_reduction_timestamps_tests.cpp" line="328" status="run" result="skipped" time="0" timestamp="2023-06-16T11:31:06.243" classname="jr_timestamps">
      <skipped message="/Users/franz.detro/dev/libs/3rdparty/ni-midi2/tests/jitter_reduction_timestamps_tests.cpp:331&#x0A;Skipping jr_clock_follower_process_clock test"><![CDATA[/Users/franz.detro/dev/libs/3rdparty/ni-midi2/tests/jitter_reduction_timestamps_tests.cpp:331
Skipping jr_clock_follower_process_clock test]]></skipped>
    </testcase>
  </testsuite>
  <testsuite name="midi1_byte_stream" tests="31" failures="0" disabled="0" skipped="0" errors="0" time="0.001" timestamp="2023-06-16T11:31:06.243">
    <testcase name="parser_constructors" file="/Users/franz.detro/dev/libs/3rdparty/ni-midi2/tests/midi1_byte_stream_tests.cpp" line="49" status="run" result="completed" time="0" timestamp="2023-06-16T11:31:06.243" classname="midi1_byte_stream" />
    <testcase name="parser_group" file="/Users/franz.detro/dev/libs/3rdparty/ni-midi2/tests/midi1_byte_stream_tests.cpp" line="87" status="run" result="completed" time="0" timestamp="2023-06-16T11:31:06.243" classname="midi1_byte_stream" />
    <testcase name="parser_enable_callbacks" file="/Users/franz.detro/dev/libs/3rdparty/ni-midi2/tests/midi1_byte_stream_tests.cpp" line="110" status="run" result="completed" time="0" timestamp="2023-06-16T11:31:06.243" classname="midi1_byte_stream" />
    <testcase name="parser_system_messages" file="/Users/franz.detro/dev/libs/3rdparty/ni-midi2/tests/midi1_byte_stream_tests.cpp" line="136" status="run" result="completed" time="0" timestamp="2023-06-16T11:31:06.243" classname="midi1_byte_stream" />
    <testcase name="parser_channel_voice_messages" file="/Users/franz.detro/dev/libs/3rdparty/ni-midi2/tests/midi1_byte_stream_tests.cpp" line="200" status="run" result="completed" time="0" timestamp="2023-06-16T11:31:06.243" classname="midi1_byte_stream" />
    <testcase name="parser_running_status" file="/Users/franz.detro/dev/libs/3rdparty/ni-midi2/tests/midi1_byte_stream_tests.cpp" line="259" status="run" result="completed" time="0" timestamp="2023-06-16T11:31:06.243" classname="midi1_byte_stream" />
    <testcase name="parser_system_common_cancels_running_status" file="/Users/franz.detro/dev/libs/3rdparty/ni-midi2/tests/midi1_byte_stream_tests.cpp" line="321" status="run" result="completed" time="0" timestamp="2023-06-16T11:31:06.243" classname="midi1_byte_stream" />
    <testcase name="parser_system_realtime_intersperes_running_status" file="/Users/franz.detro/dev/libs/3rdparty/ni-midi2/tests/midi1_byte_stream_tests.cpp" line="378" status="run" result="completed" time="0" timestamp="2023-06-16T11:31:06.243" classname="midi1_byte_stream" />
    <testcase name="parser_sysex_callback" file="/Users/franz.detro/dev/libs/3rdparty/ni-midi2/tests/midi1_byte_stream_tests.cpp" line="445" status="run" result="completed" time="0" timestamp="2023-06-16T11:31:06.244" classname="midi1_byte_stream" />
    <testcase name="parser_sysex_packets" file="/Users/franz.detro/dev/libs/3rdparty/ni-midi2/tests/midi1_byte_stream_tests.cpp" line="499" status="run" result="completed" time="0" timestamp="2023-06-16T11:31:06.244" classname="midi1_byte_stream" />
    <testcase name="parser_sysex_intersperse_system_realtime_callback" file="/Users/franz.detro/dev/libs/3rdparty/ni-midi2/tests/midi1_byte_stream_tests.cpp" line="555" status="run" result="completed" time="0" timestamp="2023-06-16T11:31:06.244" classname="midi1_byte_stream" />
    <testcase name="parser_sysex_intersperse_system_realtime_packets" file="/Users/franz.detro/dev/libs/3rdparty/ni-midi2/tests/midi1_byte_stream_tests.cpp" line="597" status="run" result="completed" time="0" timestamp="2023-06-16T11:31:06.244" classname="midi1_byte_stream" />
    <testcase name="parser_sysex_intersperse_other_callback" file="/Users/franz.detro/dev/libs/3rdparty/ni-midi2/tests/midi1_byte_stream_tests.cpp" line="642" status="run" result="completed" time="0" timestamp="2023-06-16T11:31:06.244" classname="midi1_byte_stream" />
    <testcase name="parser_sysex_intersperse_other_packets" file="/Users/franz.detro/dev/libs/3rdparty/ni-midi2/tests/midi1_byte_stream_tests.cpp" line="674" status="run" result="completed" time="0" timestamp="2023-06-16T11:31:06.244" classname="midi1_byte_stream" />
    <testcase name="parser_real_world_stream_callback" file="/Users/franz.detro/dev/libs/3rdparty/ni-midi2/tests/midi1_byte_stream_tests.cpp" line="706" status="run" result="completed" time="0" timestamp="2023-06-16T11:31:06.244" classname="midi1_byte_stream" />
    <testcase name="parser_real_world_stream_packets" file="/Users/franz.detro/dev/libs/3rdparty/ni-midi2/tests/midi1_byte_stream_tests.cpp" line="759" status="run" result="completed" time="0" timestamp="2023-06-16T11:31:06.244" classname="midi1_byte_stream" />
    <testcase name="parser_invalid_sysex" file="/Users/franz.detro/dev/libs/3rdparty/ni-midi2/tests/midi1_byte_stream_tests.cpp" line="809" status="run" result="completed" time="0" timestamp="2023-06-16T11:31:06.244" classname="midi1_byte_stream" />
    <testcase name="parser_reset" file="/Users/franz.detro/dev/libs/3rdparty/ni-midi2/tests/midi1_byte_stream_tests.cpp" line="836" status="run" result="completed" time="0" timestamp="2023-06-16T11:31:06.244" classname="midi1_byte_stream" />
    <testcase name="parser_no_sysex_callback" file="/Users/franz.detro/dev/libs/3rdparty/ni-midi2/tests/midi1_byte_stream_tests.cpp" line="853" status="run" result="completed" time="0" timestamp="2023-06-16T11:31:06.244" classname="midi1_byte_stream" />
    <testcase name="parser_large_sysex" file="/Users/franz.detro/dev/libs/3rdparty/ni-midi2/tests/midi1_byte_stream_tests.cpp" line="887" status="run" result="completed" time="0" timestamp="2023-06-16T11:31:06.244" classname="midi1_byte_stream" />
    <testcase name="size_utility_messages" file="/Users/franz.detro/dev/libs/3rdparty/ni-midi2/tests/midi1_byte_stream_tests.cpp" line="911" status="run" result="completed" time="0" timestamp="2023-06-16T11:31:06.244" classname="midi1_byte_stream" />
    <testcase name="size_system_messages" file="/Users/franz.detro/dev/libs/3rdparty/ni-midi2/tests/midi1_byte_stream_tests.cpp" line="922" status="run" result="completed" time="0" timestamp="2023-06-16T11:31:06.244" classname="midi1_byte_stream" />
    <testcase name="size_channel_voice_messages" file="/Users/franz.detro/dev/libs/3rdparty/ni-midi2/tests/midi1_byte_stream_tests.cpp" line="944" status="run" result="completed" time="0" timestamp="2023-06-16T11:31:06.244" classname="midi1_byte_stream" />
    <testcase name="size_data_messages" file="/Users/franz.detro/dev/libs/3rdparty/ni-midi2/tests/midi1_byte_stream_tests.cpp" line="965" status="run" result="completed" time="0" timestamp="2023-06-16T11:31:06.244" classname="midi1_byte_stream" />
    <testcase name="size_other_messages" file="/Users/franz.detro/dev/libs/3rdparty/ni-midi2/tests/midi1_byte_stream_tests.cpp" line="1008" status="run" result="completed" time="0" timestamp="2023-06-16T11:31:06.244" classname="midi1_byte_stream" />
    <testcase name="from_system_messages" file="/Users/franz.detro/dev/libs/3rdparty/ni-midi2/tests/midi1_byte_stream_tests.cpp" line="1022" status="run" result="completed" time="0" timestamp="2023-06-16T11:31:06.245" classname="midi1_byte_stream" />
    <testcase name="from_channel_voice_messages" file="/Users/franz.detro/dev/libs/3rdparty/ni-midi2/tests/midi1_byte_stream_tests.cpp" line="1056" status="run" result="completed" time="0" timestamp="2023-06-16T11:31:06.245" classname="midi1_byte_stream" />
    <testcase name="from_invalid_data" file="/Users/franz.detro/dev/libs/3rdparty/ni-midi2/tests/midi1_byte_stream_tests.cpp" line="1078" status="run" result="completed" time="0" timestamp="2023-06-16T11:31:06.245" classname="midi1_byte_stream" />
    <testcase name="to_midi1_byte_stream_system" file="/Users/franz.detro/dev/libs/3rdparty/ni-midi2/tests/midi1_byte_stream_tests.cpp" line="1092" status="run" result="completed" time="0" timestamp="2023-06-16T11:31:06.245" classname="midi1_byte_stream" />
    <testcase name="to_midi1_byte_stream_midi1_channel_voice" file="/Users/franz.detro/dev/libs/3rdparty/ni-midi2/tests/midi1_byte_stream_tests.cpp" line="1194" status="run" result="completed" time="0" timestamp="2023-06-16T11:31:06.245" classname="midi1_byte_stream" />
    <testcase name="to_midi1_byte_stream_data" file="/Users/franz.detro/dev/libs/3rdparty/ni-midi2/tests/midi1_byte_stream_tests.cpp" line="1267" status="run" result="completed" time="0" timestamp="2023-06-16T11:31:06.245" classname="midi1_byte_stream" />
  </testsuite>
  <testsuite name="system_message" tests="4" failures="0" disabled="0" skipped="0" errors="0" time="0" timestamp="2023-06-16T11:31:06.245">
    <testcase name="constructors" file="/Users/franz.detro/dev/libs/3rdparty/ni-midi2/tests/system_message_tests.cpp" line="36" status="run" result="completed" time="0" timestamp="2023-06-16T11:31:06.245" classname="system_message" />
    <testcase name="system_message_view" file="/Users/franz.detro/dev/libs/3rdparty/ni-midi2/tests/system_message_tests.cpp" line="107" status="run" result="completed" time="0" timestamp="2023-06-16T11:31:06.245" classname="system_message" />
    <testcase name="make_system_message" file="/Users/franz.detro/dev/libs/3rdparty/ni-midi2/tests/system_message_tests.cpp" line="193" status="run" result="completed" time="0" timestamp="2023-06-16T11:31:06.245" classname="system_message" />
    <testcase name="make_song_position_message" file="/Users/franz.detro/dev/libs/3rdparty/ni-midi2/tests/system_message_tests.cpp" line="248" status="run" result="completed" time="0" timestamp="2023-06-16T11:31:06.245" classname="system_message" />
  </testsuite>
  <testsuite name="utility_message" tests="4" failures="0" disabled="0" skipped="0" errors="0" time="0" timestamp="2023-06-16T11:31:06.245">
    <testcase name="constructors" file="/Users/franz.detro/dev/libs/3rdparty/ni-midi2/tests/utility_message_tests.cpp" line="14" status="run" result="completed" time="0" timestamp="2023-06-16T11:31:06.245" classname="utility_message" />
    <testcase name="view" file="/Users/franz.detro/dev/libs/3rdparty/ni-midi2/tests/utility_message_tests.cpp" line="60" status="run" result="completed" time="0" timestamp="2023-06-16T11:31:06.245" classname="utility_message" />
    <testcase name="make_utility_message" file="/Users/franz.detro/dev/libs/3rdparty/ni-midi2/tests/utility_message_tests.cpp" line="91" status="run" result="completed" time="0" timestamp="2023-06-16T11:31:06.245" classname="utility_message" />
    <testcase name="utility_message_view" file="/Users/franz.detro/dev/libs/3rdparty/ni-midi2/tests/utility_message_tests.cpp" line="118" status="run" result="completed" time="0" timestamp="2023-06-16T11:31:06.245" classname="utility_message" />
  </testsuite>
  <testsuite name="midi1_channel_voice_message" tests="14" failures="0" disabled="0" skipped="0" errors="0" time="0" timestamp="2023-06-16T11:31:06.245">
    <testcase name="constructors" file="/Users/franz.detro/dev/libs/3rdparty/ni-midi2/tests/midi1_channel_voice_message_tests.cpp" line="53" status="run" result="completed" time="0" timestamp="2023-06-16T11:31:06.245" classname="midi1_channel_voice_message" />
    <testcase name="midi1_channel_voice_message_view" file="/Users/franz.detro/dev/libs/3rdparty/ni-midi2/tests/midi1_channel_voice_message_tests.cpp" line="88" status="run" result="completed" time="0" timestamp="2023-06-16T11:31:06.245" classname="midi1_channel_voice_message" />
    <testcase name="channel" file="/Users/franz.detro/dev/libs/3rdparty/ni-midi2/tests/midi1_channel_voice_message_tests.cpp" line="109" status="run" result="completed" time="0" timestamp="2023-06-16T11:31:06.245" classname="midi1_channel_voice_message" />
    <testcase name="data_bytes" file="/Users/franz.detro/dev/libs/3rdparty/ni-midi2/tests/midi1_channel_voice_message_tests.cpp" line="125" status="run" result="completed" time="0" timestamp="2023-06-16T11:31:06.245" classname="midi1_channel_voice_message" />
    <testcase name="get_14bit_value" file="/Users/franz.detro/dev/libs/3rdparty/ni-midi2/tests/midi1_channel_voice_message_tests.cpp" line="154" status="run" result="completed" time="0" timestamp="2023-06-16T11:31:06.245" classname="midi1_channel_voice_message" />
    <testcase name="make_midi1_channel_voice_message" file="/Users/franz.detro/dev/libs/3rdparty/ni-midi2/tests/midi1_channel_voice_message_tests.cpp" line="201" status="run" result="completed" time="0" timestamp="2023-06-16T11:31:06.245" classname="midi1_channel_voice_message" />
    <testcase name="make_midi1_note_off_message" file="/Users/franz.detro/dev/libs/3rdparty/ni-midi2/tests/midi1_channel_voice_message_tests.cpp" line="230" status="run" result="completed" time="0" timestamp="2023-06-16T11:31:06.245" classname="midi1_channel_voice_message" />
    <testcase name="make_note_on_message" file="/Users/franz.detro/dev/libs/3rdparty/ni-midi2/tests/midi1_channel_voice_message_tests.cpp" line="245" status="run" result="completed" time="0" timestamp="2023-06-16T11:31:06.245" classname="midi1_channel_voice_message" />
    <testcase name="make_midi1_poly_pressure_message" file="/Users/franz.detro/dev/libs/3rdparty/ni-midi2/tests/midi1_channel_voice_message_tests.cpp" line="260" status="run" result="completed" time="0" timestamp="2023-06-16T11:31:06.245" classname="midi1_channel_voice_message" />
    <testcase name="make_midi1_control_change_message" file="/Users/franz.detro/dev/libs/3rdparty/ni-midi2/tests/midi1_channel_voice_message_tests.cpp" line="277" status="run" result="completed" time="0" timestamp="2023-06-16T11:31:06.245" classname="midi1_channel_voice_message" />
    <testcase name="make_midi1_program_change_message" file="/Users/franz.detro/dev/libs/3rdparty/ni-midi2/tests/midi1_channel_voice_message_tests.cpp" line="294" status="run" result="completed" time="0" timestamp="2023-06-16T11:31:06.245" classname="midi1_channel_voice_message" />
    <testcase name="make_midi1_channel_pressure_message" file="/Users/franz.detro/dev/libs/3rdparty/ni-midi2/tests/midi1_channel_voice_message_tests.cpp" line="309" status="run" result="completed" time="0" timestamp="2023-06-16T11:31:06.245" classname="midi1_channel_voice_message" />
    <testcase name="make_midi1_pitch_bend_message" file="/Users/franz.detro/dev/libs/3rdparty/ni-midi2/tests/midi1_channel_voice_message_tests.cpp" line="326" status="run" result="completed" time="0" timestamp="2023-06-16T11:31:06.245" classname="midi1_channel_voice_message" />
    <testcase name="construct_from_ump" file="/Users/franz.detro/dev/libs/3rdparty/ni-midi2/tests/midi1_channel_voice_message_tests.cpp" line="341" status="run" result="completed" time="0" timestamp="2023-06-16T11:31:06.245" classname="midi1_channel_voice_message" />
  </testsuite>
  <testsuite name="midi2_channel_voice_message" tests="18" failures="0" disabled="0" skipped="0" errors="0" time="0" timestamp="2023-06-16T11:31:06.245">
    <testcase name="constructors" file="/Users/franz.detro/dev/libs/3rdparty/ni-midi2/tests/midi2_channel_voice_message_tests.cpp" line="37" status="run" result="completed" time="0" timestamp="2023-06-16T11:31:06.245" classname="midi2_channel_voice_message" />
    <testcase name="midi2_channel_voice_message_view" file="/Users/franz.detro/dev/libs/3rdparty/ni-midi2/tests/midi2_channel_voice_message_tests.cpp" line="102" status="run" result="completed" time="0" timestamp="2023-06-16T11:31:06.245" classname="midi2_channel_voice_message" />
    <testcase name="make_midi2_channel_voice_message" file="/Users/franz.detro/dev/libs/3rdparty/ni-midi2/tests/midi2_channel_voice_message_tests.cpp" line="138" status="run" result="completed" time="0" timestamp="2023-06-16T11:31:06.245" classname="midi2_channel_voice_message" />
    <testcase name="make_midi2_note_off_message" file="/Users/franz.detro/dev/libs/3rdparty/ni-midi2/tests/midi2_channel_voice_message_tests.cpp" line="174" status="run" result="completed" time="0" timestamp="2023-06-16T11:31:06.245" classname="midi2_channel_voice_message" />
    <testcase name="make_midi2_note_on_message" file="/Users/franz.detro/dev/libs/3rdparty/ni-midi2/tests/midi2_channel_voice_message_tests.cpp" line="191" status="run" result="completed" time="0" timestamp="2023-06-16T11:31:06.245" classname="midi2_channel_voice_message" />
    <testcase name="make_midi2_poly_pressure_message" file="/Users/franz.detro/dev/libs/3rdparty/ni-midi2/tests/midi2_channel_voice_message_tests.cpp" line="208" status="run" result="completed" time="0" timestamp="2023-06-16T11:31:06.245" classname="midi2_channel_voice_message" />
    <testcase name="make_registered_per_note_controller_message" file="/Users/franz.detro/dev/libs/3rdparty/ni-midi2/tests/midi2_channel_voice_message_tests.cpp" line="225" status="run" result="completed" time="0" timestamp="2023-06-16T11:31:06.245" classname="midi2_channel_voice_message" />
    <testcase name="make_assignable_per_note_controller_message" file="/Users/franz.detro/dev/libs/3rdparty/ni-midi2/tests/midi2_channel_voice_message_tests.cpp" line="243" status="run" result="completed" time="0" timestamp="2023-06-16T11:31:06.245" classname="midi2_channel_voice_message" />
    <testcase name="make_per_note_management_message" file="/Users/franz.detro/dev/libs/3rdparty/ni-midi2/tests/midi2_channel_voice_message_tests.cpp" line="261" status="run" result="completed" time="0" timestamp="2023-06-16T11:31:06.245" classname="midi2_channel_voice_message" />
    <testcase name="make_midi2_control_change_message" file="/Users/franz.detro/dev/libs/3rdparty/ni-midi2/tests/midi2_channel_voice_message_tests.cpp" line="283" status="run" result="completed" time="0" timestamp="2023-06-16T11:31:06.245" classname="midi2_channel_voice_message" />
    <testcase name="make_registered_controller_message" file="/Users/franz.detro/dev/libs/3rdparty/ni-midi2/tests/midi2_channel_voice_message_tests.cpp" line="300" status="run" result="completed" time="0" timestamp="2023-06-16T11:31:06.245" classname="midi2_channel_voice_message" />
    <testcase name="make_assignable_controller_message" file="/Users/franz.detro/dev/libs/3rdparty/ni-midi2/tests/midi2_channel_voice_message_tests.cpp" line="322" status="run" result="completed" time="0" timestamp="2023-06-16T11:31:06.245" classname="midi2_channel_voice_message" />
    <testcase name="make_relative_registered_controller_message" file="/Users/franz.detro/dev/libs/3rdparty/ni-midi2/tests/midi2_channel_voice_message_tests.cpp" line="344" status="run" result="completed" time="0" timestamp="2023-06-16T11:31:06.245" classname="midi2_channel_voice_message" />
    <testcase name="make_relative_assignable_controller_message" file="/Users/franz.detro/dev/libs/3rdparty/ni-midi2/tests/midi2_channel_voice_message_tests.cpp" line="366" status="run" result="completed" time="0" timestamp="2023-06-16T11:31:06.245" classname="midi2_channel_voice_message" />
    <testcase name="make_midi2_program_change_message" file="/Users/franz.detro/dev/libs/3rdparty/ni-midi2/tests/midi2_channel_voice_message_tests.cpp" line="388" status="run" result="completed" time="0" timestamp="2023-06-16T11:31:06.245" classname="midi2_channel_voice_message" />
    <testcase name="make_midi2_channel_pressure_message" file="/Users/franz.detro/dev/libs/3rdparty/ni-midi2/tests/midi2_channel_voice_message_tests.cpp" line="415" status="run" result="completed" time="0" timestamp="2023-06-16T11:31:06.245" classname="midi2_channel_voice_message" />
    <testcase name="make_midi2_pitch_bend_message" file="/Users/franz.detro/dev/libs/3rdparty/ni-midi2/tests/midi2_channel_voice_message_tests.cpp" line="432" status="run" result="completed" time="0" timestamp="2023-06-16T11:31:06.245" classname="midi2_channel_voice_message" />
    <testcase name="make_per_note_pitch_bend_message" file="/Users/franz.detro/dev/libs/3rdparty/ni-midi2/tests/midi2_channel_voice_message_tests.cpp" line="449" status="run" result="completed" time="0" timestamp="2023-06-16T11:31:06.245" classname="midi2_channel_voice_message" />
  </testsuite>
  <testsuite name="channel_voice_message" tests="18" failures="0" disabled="0" skipped="0" errors="0" time="0" timestamp="2023-06-16T11:31:06.245">
    <testcase name="is_channel_voice_message_with_status" file="/Users/franz.detro/dev/libs/3rdparty/ni-midi2/tests/channel_voice_message_tests.cpp" line="42" status="run" result="completed" time="0" timestamp="2023-06-16T11:31:06.245" classname="channel_voice_message" />
    <testcase name="is_note_on_message" file="/Users/franz.detro/dev/libs/3rdparty/ni-midi2/tests/channel_voice_message_tests.cpp" line="63" status="run" result="completed" time="0" timestamp="2023-06-16T11:31:06.245" classname="channel_voice_message" />
    <testcase name="is_note_off_message" file="/Users/franz.detro/dev/libs/3rdparty/ni-midi2/tests/channel_voice_message_tests.cpp" line="137" status="run" result="completed" time="0" timestamp="2023-06-16T11:31:06.245" classname="channel_voice_message" />
    <testcase name="get_note_id" file="/Users/franz.detro/dev/libs/3rdparty/ni-midi2/tests/channel_voice_message_tests.cpp" line="212" status="run" result="completed" time="0" timestamp="2023-06-16T11:31:06.245" classname="channel_voice_message" />
    <testcase name="get_note_nr" file="/Users/franz.detro/dev/libs/3rdparty/ni-midi2/tests/channel_voice_message_tests.cpp" line="244" status="run" result="completed" time="0" timestamp="2023-06-16T11:31:06.245" classname="channel_voice_message" />
    <testcase name="get_note_pitch" file="/Users/franz.detro/dev/libs/3rdparty/ni-midi2/tests/channel_voice_message_tests.cpp" line="276" status="run" result="completed" time="0" timestamp="2023-06-16T11:31:06.245" classname="channel_voice_message" />
    <testcase name="get_note_velocity" file="/Users/franz.detro/dev/libs/3rdparty/ni-midi2/tests/channel_voice_message_tests.cpp" line="306" status="run" result="completed" time="0" timestamp="2023-06-16T11:31:06.245" classname="channel_voice_message" />
    <testcase name="is_poly_pressure_message" file="/Users/franz.detro/dev/libs/3rdparty/ni-midi2/tests/channel_voice_message_tests.cpp" line="338" status="run" result="completed" time="0" timestamp="2023-06-16T11:31:06.245" classname="channel_voice_message" />
    <testcase name="get_poly_pressure_value" file="/Users/franz.detro/dev/libs/3rdparty/ni-midi2/tests/channel_voice_message_tests.cpp" line="419" status="run" result="completed" time="0" timestamp="2023-06-16T11:31:06.245" classname="channel_voice_message" />
    <testcase name="is_control_change_message" file="/Users/franz.detro/dev/libs/3rdparty/ni-midi2/tests/channel_voice_message_tests.cpp" line="447" status="run" result="completed" time="0" timestamp="2023-06-16T11:31:06.245" classname="channel_voice_message" />
    <testcase name="get_controller_id" file="/Users/franz.detro/dev/libs/3rdparty/ni-midi2/tests/channel_voice_message_tests.cpp" line="528" status="run" result="completed" time="0" timestamp="2023-06-16T11:31:06.245" classname="channel_voice_message" />
    <testcase name="get_controller_value" file="/Users/franz.detro/dev/libs/3rdparty/ni-midi2/tests/channel_voice_message_tests.cpp" line="549" status="run" result="completed" time="0" timestamp="2023-06-16T11:31:06.245" classname="channel_voice_message" />
    <testcase name="is_program_change_message" file="/Users/franz.detro/dev/libs/3rdparty/ni-midi2/tests/channel_voice_message_tests.cpp" line="573" status="run" result="completed" time="0" timestamp="2023-06-16T11:31:06.245" classname="channel_voice_message" />
    <testcase name="get_program_value" file="/Users/franz.detro/dev/libs/3rdparty/ni-midi2/tests/channel_voice_message_tests.cpp" line="654" status="run" result="completed" time="0" timestamp="2023-06-16T11:31:06.245" classname="channel_voice_message" />
    <testcase name="is_channel_pressure_message" file="/Users/franz.detro/dev/libs/3rdparty/ni-midi2/tests/channel_voice_message_tests.cpp" line="671" status="run" result="completed" time="0" timestamp="2023-06-16T11:31:06.245" classname="channel_voice_message" />
    <testcase name="get_channel_pressure_value" file="/Users/franz.detro/dev/libs/3rdparty/ni-midi2/tests/channel_voice_message_tests.cpp" line="753" status="run" result="completed" time="0" timestamp="2023-06-16T11:31:06.245" classname="channel_voice_message" />
    <testcase name="is_channel_pitch_bend_message" file="/Users/franz.detro/dev/libs/3rdparty/ni-midi2/tests/channel_voice_message_tests.cpp" line="781" status="run" result="completed" time="0" timestamp="2023-06-16T11:31:06.245" classname="channel_voice_message" />
    <testcase name="get_channel_pitch_bend_value" file="/Users/franz.detro/dev/libs/3rdparty/ni-midi2/tests/channel_voice_message_tests.cpp" line="865" status="run" result="completed" time="0" timestamp="2023-06-16T11:31:06.246" classname="channel_voice_message" />
  </testsuite>
  <testsuite name="sysex" tests="6" failures="0" disabled="0" skipped="0" errors="0" time="0" timestamp="2023-06-16T11:31:06.246">
    <testcase name="sysex_constructor" file="/Users/franz.detro/dev/libs/3rdparty/ni-midi2/tests/sysex_tests.cpp" line="29" status="run" result="completed" time="0" timestamp="2023-06-16T11:31:06.246" classname="sysex" />
    <testcase name="equality" file="/Users/franz.detro/dev/libs/3rdparty/ni-midi2/tests/sysex_tests.cpp" line="96" status="run" result="completed" time="0" timestamp="2023-06-16T11:31:06.246" classname="sysex" />
    <testcase name="assignment" file="/Users/franz.detro/dev/libs/3rdparty/ni-midi2/tests/sysex_tests.cpp" line="125" status="run" result="completed" time="0" timestamp="2023-06-16T11:31:06.246" classname="sysex" />
    <testcase name="sysex7" file="/Users/franz.detro/dev/libs/3rdparty/ni-midi2/tests/sysex_tests.cpp" line="139" status="run" result="completed" time="0" timestamp="2023-06-16T11:31:06.246" classname="sysex" />
    <testcase name="sysex7_add_device_identity" file="/Users/franz.detro/dev/libs/3rdparty/ni-midi2/tests/sysex_tests.cpp" line="162" status="run" result="completed" time="0" timestamp="2023-06-16T11:31:06.246" classname="sysex" />
    <testcase name="sysex7_make_device_identity" file="/Users/franz.detro/dev/libs/3rdparty/ni-midi2/tests/sysex_tests.cpp" line="233" status="run" result="completed" time="0" timestamp="2023-06-16T11:31:06.246" classname="sysex" />
  </testsuite>
  <testsuite name="sysex7_collector" tests="4" failures="0" disabled="0" skipped="0" errors="0" time="0" timestamp="2023-06-16T11:31:06.246">
    <testcase name="constructor" file="/Users/franz.detro/dev/libs/3rdparty/ni-midi2/tests/sysex7_collector_tests.cpp" line="38" status="run" result="completed" time="0" timestamp="2023-06-16T11:31:06.246" classname="sysex7_collector" />
    <testcase name="set_callback" file="/Users/franz.detro/dev/libs/3rdparty/ni-midi2/tests/sysex7_collector_tests.cpp" line="47" status="run" result="completed" time="0" timestamp="2023-06-16T11:31:06.246" classname="sysex7_collector" />
    <testcase name="regular_collect" file="/Users/franz.detro/dev/libs/3rdparty/ni-midi2/tests/sysex7_collector_tests.cpp" line="63" status="run" result="completed" time="0" timestamp="2023-06-16T11:31:06.246" classname="sysex7_collector" />
    <testcase name="exceptional_collect" file="/Users/franz.detro/dev/libs/3rdparty/ni-midi2/tests/sysex7_collector_tests.cpp" line="112" status="run" result="completed" time="0" timestamp="2023-06-16T11:31:06.246" classname="sysex7_collector" />
  </testsuite>
  <testsuite name="velocity" tests="8" failures="0" disabled="0" skipped="0" errors="0" time="0.001" timestamp="2023-06-16T11:31:06.246">
    <testcase name="default_constructor" file="/Users/franz.detro/dev/libs/3rdparty/ni-midi2/tests/type_tests.cpp" line="30" status="run" result="completed" time="0" timestamp="2023-06-16T11:31:06.246" classname="velocity" />
    <testcase name="construct_from_uint16" file="/Users/franz.detro/dev/libs/3rdparty/ni-midi2/tests/type_tests.cpp" line="39" status="run" result="completed" time="0" timestamp="2023-06-16T11:31:06.246" classname="velocity" />
    <testcase name="construct_from_uint7" file="/Users/franz.detro/dev/libs/3rdparty/ni-midi2/tests/type_tests.cpp" line="82" status="run" result="completed" time="0" timestamp="2023-06-16T11:31:06.246" classname="velocity" />
    <testcase name="construct_from_float" file="/Users/franz.detro/dev/libs/3rdparty/ni-midi2/tests/type_tests.cpp" line="125" status="run" result="completed" time="0" timestamp="2023-06-16T11:31:06.246" classname="velocity" />
    <testcase name="equality" file="/Users/franz.detro/dev/libs/3rdparty/ni-midi2/tests/type_tests.cpp" line="223" status="run" result="completed" time="0" timestamp="2023-06-16T11:31:06.246" classname="velocity" />
    <testcase name="as_float" file="/Users/franz.detro/dev/libs/3rdparty/ni-midi2/tests/type_tests.cpp" line="240" status="run" result="completed" time="0" timestamp="2023-06-16T11:31:06.246" classname="velocity" />
    <testcase name="as_uint7" file="/Users/franz.detro/dev/libs/3rdparty/ni-midi2/tests/type_tests.cpp" line="252" status="run" result="completed" time="0" timestamp="2023-06-16T11:31:06.246" classname="velocity" />
    <testcase name="symmetric_float_conversions" file="/Users/franz.detro/dev/libs/3rdparty/ni-midi2/tests/type_tests.cpp" line="266" status="run" result="completed" time="0.001" timestamp="2023-06-16T11:31:06.246" classname="velocity" />
  </testsuite>
  <testsuite name="pitch_bend" tests="8" failures="0" disabled="0" skipped="0" errors="0" time="0" timestamp="2023-06-16T11:31:06.247">
    <testcase name="default_constructor" file="/Users/franz.detro/dev/libs/3rdparty/ni-midi2/tests/type_tests.cpp" line="288" status="run" result="completed" time="0" timestamp="2023-06-16T11:31:06.247" classname="pitch_bend" />
    <testcase name="construct_from_uint32" file="/Users/franz.detro/dev/libs/3rdparty/ni-midi2/tests/type_tests.cpp" line="299" status="run" result="completed" time="0" timestamp="2023-06-16T11:31:06.247" classname="pitch_bend" />
    <testcase name="construct_from_uint14" file="/Users/franz.detro/dev/libs/3rdparty/ni-midi2/tests/type_tests.cpp" line="336" status="run" result="completed" time="0" timestamp="2023-06-16T11:31:06.247" classname="pitch_bend" />
    <testcase name="construct_from_float" file="/Users/franz.detro/dev/libs/3rdparty/ni-midi2/tests/type_tests.cpp" line="373" status="run" result="completed" time="0" timestamp="2023-06-16T11:31:06.247" classname="pitch_bend" />
    <testcase name="equality" file="/Users/franz.detro/dev/libs/3rdparty/ni-midi2/tests/type_tests.cpp" line="440" status="run" result="completed" time="0" timestamp="2023-06-16T11:31:06.247" classname="pitch_bend" />
    <testcase name="as_float" file="/Users/franz.detro/dev/libs/3rdparty/ni-midi2/tests/type_tests.cpp" line="457" status="run" result="completed" time="0" timestamp="2023-06-16T11:31:06.247" classname="pitch_bend" />
    <testcase name="as_uint14" file="/Users/franz.detro/dev/libs/3rdparty/ni-midi2/tests/type_tests.cpp" line="470" status="run" result="completed" time="0" timestamp="2023-06-16T11:31:06.247" classname="pitch_bend" />
    <testcase name="reset" file="/Users/franz.detro/dev/libs/3rdparty/ni-midi2/tests/type_tests.cpp" line="483" status="run" result="completed" time="0" timestamp="2023-06-16T11:31:06.247" classname="pitch_bend" />
  </testsuite>
  <testsuite name="pitch_increment" tests="6" failures="0" disabled="0" skipped="0" errors="0" time="0" timestamp="2023-06-16T11:31:06.247">
    <testcase name="default_constructor" file="/Users/franz.detro/dev/libs/3rdparty/ni-midi2/tests/type_tests.cpp" line="496" status="run" result="completed" time="0" timestamp="2023-06-16T11:31:06.247" classname="pitch_increment" />
    <testcase name="construct_from_int32" file="/Users/franz.detro/dev/libs/3rdparty/ni-midi2/tests/type_tests.cpp" line="504" status="run" result="completed" time="0" timestamp="2023-06-16T11:31:06.247" classname="pitch_increment" />
    <testcase name="construct_from_float" file="/Users/franz.detro/dev/libs/3rdparty/ni-midi2/tests/type_tests.cpp" line="541" status="run" result="completed" time="0" timestamp="2023-06-16T11:31:06.247" classname="pitch_increment" />
    <testcase name="operator_plus_assign" file="/Users/franz.detro/dev/libs/3rdparty/ni-midi2/tests/type_tests.cpp" line="610" status="run" result="completed" time="0" timestamp="2023-06-16T11:31:06.247" classname="pitch_increment" />
    <testcase name="operator_plus" file="/Users/franz.detro/dev/libs/3rdparty/ni-midi2/tests/type_tests.cpp" line="678" status="run" result="completed" time="0" timestamp="2023-06-16T11:31:06.247" classname="pitch_increment" />
    <testcase name="equality" file="/Users/franz.detro/dev/libs/3rdparty/ni-midi2/tests/type_tests.cpp" line="699" status="run" result="completed" time="0" timestamp="2023-06-16T11:31:06.247" classname="pitch_increment" />
  </testsuite>
  <testsuite name="pitch_7_9" tests="8" failures="0" disabled="0" skipped="0" errors="0" time="0.001" timestamp="2023-06-16T11:31:06.248">
    <testcase name="default_constructor" file="/Users/franz.detro/dev/libs/3rdparty/ni-midi2/tests/type_tests.cpp" line="721" status="run" result="completed" time="0" timestamp="2023-06-16T11:31:06.248" classname="pitch_7_9" />
    <testcase name="construct_from_uint16" file="/Users/franz.detro/dev/libs/3rdparty/ni-midi2/tests/type_tests.cpp" line="729" status="run" result="completed" time="0" timestamp="2023-06-16T11:31:06.248" classname="pitch_7_9" />
    <testcase name="construct_from_note_nr" file="/Users/franz.detro/dev/libs/3rdparty/ni-midi2/tests/type_tests.cpp" line="772" status="run" result="completed" time="0" timestamp="2023-06-16T11:31:06.248" classname="pitch_7_9" />
    <testcase name="construct_from_float" file="/Users/franz.detro/dev/libs/3rdparty/ni-midi2/tests/type_tests.cpp" line="809" status="run" result="completed" time="0" timestamp="2023-06-16T11:31:06.248" classname="pitch_7_9" />
    <testcase name="equality" file="/Users/franz.detro/dev/libs/3rdparty/ni-midi2/tests/type_tests.cpp" line="870" status="run" result="completed" time="0" timestamp="2023-06-16T11:31:06.248" classname="pitch_7_9" />
    <testcase name="as_float" file="/Users/franz.detro/dev/libs/3rdparty/ni-midi2/tests/type_tests.cpp" line="886" status="run" result="completed" time="0" timestamp="2023-06-16T11:31:06.248" classname="pitch_7_9" />
    <testcase name="note_nr" file="/Users/franz.detro/dev/libs/3rdparty/ni-midi2/tests/type_tests.cpp" line="899" status="run" result="completed" time="0" timestamp="2023-06-16T11:31:06.248" classname="pitch_7_9" />
    <testcase name="symmetric_float_conversions" file="/Users/franz.detro/dev/libs/3rdparty/ni-midi2/tests/type_tests.cpp" line="913" status="run" result="completed" time="0.001" timestamp="2023-06-16T11:31:06.248" classname="pitch_7_9" />
  </testsuite>
  <testsuite name="pitch_7_25" tests="12" failures="0" disabled="0" skipped="0" errors="0" time="0" timestamp="2023-06-16T11:31:06.249">
    <testcase name="default_constructor" file="/Users/franz.detro/dev/libs/3rdparty/ni-midi2/tests/type_tests.cpp" line="935" status="run" result="completed" time="0" timestamp="2023-06-16T11:31:06.249" classname="pitch_7_25" />
    <testcase name="construct_from_uint32" file="/Users/franz.detro/dev/libs/3rdparty/ni-midi2/tests/type_tests.cpp" line="943" status="run" result="completed" time="0" timestamp="2023-06-16T11:31:06.249" classname="pitch_7_25" />
    <testcase name="construct_from_note_nr" file="/Users/franz.detro/dev/libs/3rdparty/ni-midi2/tests/type_tests.cpp" line="980" status="run" result="completed" time="0" timestamp="2023-06-16T11:31:06.249" classname="pitch_7_25" />
    <testcase name="construct_from_pitch7_9" file="/Users/franz.detro/dev/libs/3rdparty/ni-midi2/tests/type_tests.cpp" line="1017" status="run" result="completed" time="0" timestamp="2023-06-16T11:31:06.249" classname="pitch_7_25" />
    <testcase name="construct_from_float" file="/Users/franz.detro/dev/libs/3rdparty/ni-midi2/tests/type_tests.cpp" line="1048" status="run" result="completed" time="0" timestamp="2023-06-16T11:31:06.249" classname="pitch_7_25" />
    <testcase name="equality" file="/Users/franz.detro/dev/libs/3rdparty/ni-midi2/tests/type_tests.cpp" line="1109" status="run" result="completed" time="0" timestamp="2023-06-16T11:31:06.249" classname="pitch_7_25" />
    <testcase name="as_float" file="/Users/franz.detro/dev/libs/3rdparty/ni-midi2/tests/type_tests.cpp" line="1125" status="run" result="completed" time="0" timestamp="2023-06-16T11:31:06.249" classname="pitch_7_25" />
    <testcase name="note_nr" file="/Users/franz.detro/dev/libs/3rdparty/ni-midi2/tests/type_tests.cpp" line="1138" status="run" result="completed" time="0" timestamp="2023-06-16T11:31:06.249" classname="pitch_7_25" />
    <testcase name="assign_pitch_7_9" file="/Users/franz.detro/dev/libs/3rdparty/ni-midi2/tests/type_tests.cpp" line="1152" status="run" result="completed" time="0" timestamp="2023-06-16T11:31:06.249" classname="pitch_7_25" />
    <testcase name="operator_plus_pitch_increment" file="/Users/franz.detro/dev/libs/3rdparty/ni-midi2/tests/type_tests.cpp" line="1190" status="run" result="completed" time="0" timestamp="2023-06-16T11:31:06.249" classname="pitch_7_25" />
    <testcase name="operator_plus_float" file="/Users/franz.detro/dev/libs/3rdparty/ni-midi2/tests/type_tests.cpp" line="1216" status="run" result="completed" time="0" timestamp="2023-06-16T11:31:06.249" classname="pitch_7_25" />
    <testcase name="operator_plus_assign_pitch_increment" file="/Users/franz.detro/dev/libs/3rdparty/ni-midi2/tests/type_tests.cpp" line="1239" status="run" result="completed" time="0" timestamp="2023-06-16T11:31:06.249" classname="pitch_7_25" />
  </testsuite>
  <testsuite name="pitch_bend_sensitivity" tests="2" failures="0" disabled="0" skipped="0" errors="0" time="0" timestamp="2023-06-16T11:31:06.249">
    <testcase name="default_constructor" file="/Users/franz.detro/dev/libs/3rdparty/ni-midi2/tests/type_tests.cpp" line="1280" status="run" result="completed" time="0" timestamp="2023-06-16T11:31:06.249" classname="pitch_bend_sensitivity" />
    <testcase name="operator_times" file="/Users/franz.detro/dev/libs/3rdparty/ni-midi2/tests/type_tests.cpp" line="1288" status="run" result="completed" time="0" timestamp="2023-06-16T11:31:06.249" classname="pitch_bend_sensitivity" />
  </testsuite>
  <testsuite name="controller_increment" tests="3" failures="0" disabled="0" skipped="0" errors="0" time="0" timestamp="2023-06-16T11:31:06.249">
    <testcase name="default_constructor" file="/Users/franz.detro/dev/libs/3rdparty/ni-midi2/tests/type_tests.cpp" line="1335" status="run" result="completed" time="0" timestamp="2023-06-16T11:31:06.249" classname="controller_increment" />
    <testcase name="construct_from_int32" file="/Users/franz.detro/dev/libs/3rdparty/ni-midi2/tests/type_tests.cpp" line="1343" status="run" result="completed" time="0" timestamp="2023-06-16T11:31:06.249" classname="controller_increment" />
    <testcase name="equality" file="/Users/franz.detro/dev/libs/3rdparty/ni-midi2/tests/type_tests.cpp" line="1380" status="run" result="completed" time="0" timestamp="2023-06-16T11:31:06.249" classname="controller_increment" />
  </testsuite>
  <testsuite name="controller_value" tests="8" failures="0" disabled="0" skipped="0" errors="0" time="0" timestamp="2023-06-16T11:31:06.249">
    <testcase name="default_constructor" file="/Users/franz.detro/dev/libs/3rdparty/ni-midi2/tests/type_tests.cpp" line="1402" status="run" result="completed" time="0" timestamp="2023-06-16T11:31:06.249" classname="controller_value" />
    <testcase name="construct_from_uint32" file="/Users/franz.detro/dev/libs/3rdparty/ni-midi2/tests/type_tests.cpp" line="1410" status="run" result="completed" time="0" timestamp="2023-06-16T11:31:06.249" classname="controller_value" />
    <testcase name="construct_from_uint7" file="/Users/franz.detro/dev/libs/3rdparty/ni-midi2/tests/type_tests.cpp" line="1447" status="run" result="completed" time="0" timestamp="2023-06-16T11:31:06.249" classname="controller_value" />
    <testcase name="construct_from_float" file="/Users/franz.detro/dev/libs/3rdparty/ni-midi2/tests/type_tests.cpp" line="1484" status="run" result="completed" time="0" timestamp="2023-06-16T11:31:06.249" classname="controller_value" />
    <testcase name="equality" file="/Users/franz.detro/dev/libs/3rdparty/ni-midi2/tests/type_tests.cpp" line="1551" status="run" result="completed" time="0" timestamp="2023-06-16T11:31:06.249" classname="controller_value" />
    <testcase name="as_float" file="/Users/franz.detro/dev/libs/3rdparty/ni-midi2/tests/type_tests.cpp" line="1568" status="run" result="completed" time="0" timestamp="2023-06-16T11:31:06.249" classname="controller_value" />
    <testcase name="as_uint7" file="/Users/franz.detro/dev/libs/3rdparty/ni-midi2/tests/type_tests.cpp" line="1581" status="run" result="completed" time="0" timestamp="2023-06-16T11:31:06.249" classname="controller_value" />
    <testcase name="plus_controller_increment" file="/Users/franz.detro/dev/libs/3rdparty/ni-midi2/tests/type_tests.cpp" line="1599" status="run" result="completed" time="0" timestamp="2023-06-16T11:31:06.249" classname="controller_value" />
  </testsuite>
  <testsuite name="device_identity" tests="1" failures="0" disabled="0" skipped="0" errors="0" time="0" timestamp="2023-06-16T11:31:06.249">
    <testcase name="constructor" file="/Users/franz.detro/dev/libs/3rdparty/ni-midi2/tests/type_tests.cpp" line="1649" status="run" result="completed" time="0" timestamp="2023-06-16T11:31:06.249" classname="device_identity" />
  </testsuite>
  <testsuite name="value_translation" tests="9" failures="0" disabled="0" skipped="0" errors="0" time="0" timestamp="2023-06-16T11:31:06.249">
    <testcase name="downscale_min" file="/Users/franz.detro/dev/libs/3rdparty/ni-midi2/tests/value_translation_tests.cpp" line="24" status="run" result="completed" time="0" timestamp="2023-06-16T11:31:06.249" classname="value_translation" />
    <testcase name="downscale_center" file="/Users/franz.detro/dev/libs/3rdparty/ni-midi2/tests/value_translation_tests.cpp" line="33" status="run" result="completed" time="0" timestamp="2023-06-16T11:31:06.249" classname="value_translation" />
    <testcase name="downscale_max" file="/Users/franz.detro/dev/libs/3rdparty/ni-midi2/tests/value_translation_tests.cpp" line="42" status="run" result="completed" time="0" timestamp="2023-06-16T11:31:06.249" classname="value_translation" />
    <testcase name="upscale_min" file="/Users/franz.detro/dev/libs/3rdparty/ni-midi2/tests/value_translation_tests.cpp" line="51" status="run" result="completed" time="0" timestamp="2023-06-16T11:31:06.249" classname="value_translation" />
    <testcase name="upscale_center" file="/Users/franz.detro/dev/libs/3rdparty/ni-midi2/tests/value_translation_tests.cpp" line="60" status="run" result="completed" time="0" timestamp="2023-06-16T11:31:06.249" classname="value_translation" />
    <testcase name="upscale_max" file="/Users/franz.detro/dev/libs/3rdparty/ni-midi2/tests/value_translation_tests.cpp" line="69" status="run" result="completed" time="0" timestamp="2023-06-16T11:31:06.249" classname="value_translation" />
    <testcase name="preserve_7_16_7" file="/Users/franz.detro/dev/libs/3rdparty/ni-midi2/tests/value_translation_tests.cpp" line="78" status="run" result="completed" time="0" timestamp="2023-06-16T11:31:06.249" classname="value_translation" />
    <testcase name="preserve_7_32_7" file="/Users/franz.detro/dev/libs/3rdparty/ni-midi2/tests/value_translation_tests.cpp" line="88" status="run" result="completed" time="0" timestamp="2023-06-16T11:31:06.249" classname="value_translation" />
    <testcase name="preserve_14_32_14" file="/Users/franz.detro/dev/libs/3rdparty/ni-midi2/tests/value_translation_tests.cpp" line="98" status="run" result="completed" time="0" timestamp="2023-06-16T11:31:06.249" classname="value_translation" />
  </testsuite>
  <testsuite name="universal_midi_packet" tests="15" failures="0" disabled="0" skipped="0" errors="0" time="0" timestamp="2023-06-16T11:31:06.250">
    <testcase name="constructors" file="/Users/franz.detro/dev/libs/3rdparty/ni-midi2/tests/universal_packet_tests.cpp" line="17" status="run" result="completed" time="0" timestamp="2023-06-16T11:31:06.250" classname="universal_midi_packet" />
    <testcase name="equality" file="/Users/franz.detro/dev/libs/3rdparty/ni-midi2/tests/universal_packet_tests.cpp" line="87" status="run" result="completed" time="0" timestamp="2023-06-16T11:31:06.250" classname="universal_midi_packet" />
    <testcase name="type" file="/Users/franz.detro/dev/libs/3rdparty/ni-midi2/tests/universal_packet_tests.cpp" line="213" status="run" result="completed" time="0" timestamp="2023-06-16T11:31:06.250" classname="universal_midi_packet" />
    <testcase name="size" file="/Users/franz.detro/dev/libs/3rdparty/ni-midi2/tests/universal_packet_tests.cpp" line="244" status="run" result="completed" time="0" timestamp="2023-06-16T11:31:06.250" classname="universal_midi_packet" />
    <testcase name="group" file="/Users/franz.detro/dev/libs/3rdparty/ni-midi2/tests/universal_packet_tests.cpp" line="271" status="run" result="completed" time="0" timestamp="2023-06-16T11:31:06.250" classname="universal_midi_packet" />
    <testcase name="status" file="/Users/franz.detro/dev/libs/3rdparty/ni-midi2/tests/universal_packet_tests.cpp" line="302" status="run" result="completed" time="0" timestamp="2023-06-16T11:31:06.250" classname="universal_midi_packet" />
    <testcase name="bytes" file="/Users/franz.detro/dev/libs/3rdparty/ni-midi2/tests/universal_packet_tests.cpp" line="333" status="run" result="completed" time="0" timestamp="2023-06-16T11:31:06.250" classname="universal_midi_packet" />
    <testcase name="channel" file="/Users/franz.detro/dev/libs/3rdparty/ni-midi2/tests/universal_packet_tests.cpp" line="377" status="run" result="completed" time="0" timestamp="2023-06-16T11:31:06.250" classname="universal_midi_packet" />
    <testcase name="reset" file="/Users/franz.detro/dev/libs/3rdparty/ni-midi2/tests/universal_packet_tests.cpp" line="423" status="run" result="completed" time="0" timestamp="2023-06-16T11:31:06.250" classname="universal_midi_packet" />
    <testcase name="is_utility_message" file="/Users/franz.detro/dev/libs/3rdparty/ni-midi2/tests/universal_packet_tests.cpp" line="439" status="run" result="completed" time="0" timestamp="2023-06-16T11:31:06.250" classname="universal_midi_packet" />
    <testcase name="is_system_message" file="/Users/franz.detro/dev/libs/3rdparty/ni-midi2/tests/universal_packet_tests.cpp" line="461" status="run" result="completed" time="0" timestamp="2023-06-16T11:31:06.250" classname="universal_midi_packet" />
    <testcase name="is_channel_voice_message" file="/Users/franz.detro/dev/libs/3rdparty/ni-midi2/tests/universal_packet_tests.cpp" line="483" status="run" result="completed" time="0" timestamp="2023-06-16T11:31:06.250" classname="universal_midi_packet" />
    <testcase name="is_data_message" file="/Users/franz.detro/dev/libs/3rdparty/ni-midi2/tests/universal_packet_tests.cpp" line="506" status="run" result="completed" time="0" timestamp="2023-06-16T11:31:06.250" classname="universal_midi_packet" />
    <testcase name="is_midi1_protocol_message" file="/Users/franz.detro/dev/libs/3rdparty/ni-midi2/tests/universal_packet_tests.cpp" line="529" status="run" result="completed" time="0" timestamp="2023-06-16T11:31:06.250" classname="universal_midi_packet" />
    <testcase name="stream_operators" file="/Users/franz.detro/dev/libs/3rdparty/ni-midi2/tests/universal_packet_tests.cpp" line="583" status="run" result="completed" time="0" timestamp="2023-06-16T11:31:06.250" classname="universal_midi_packet" />
  </testsuite>
  <testsuite name="data_message" tests="14" failures="0" disabled="0" skipped="0" errors="0" time="0" timestamp="2023-06-16T11:31:06.250">
    <testcase name="constructors" file="/Users/franz.detro/dev/libs/3rdparty/ni-midi2/tests/data_message_tests.cpp" line="61" status="run" result="completed" time="0" timestamp="2023-06-16T11:31:06.250" classname="data_message" />
    <testcase name="make_sysex7_complete_packet" file="/Users/franz.detro/dev/libs/3rdparty/ni-midi2/tests/data_message_tests.cpp" line="86" status="run" result="completed" time="0" timestamp="2023-06-16T11:31:06.250" classname="data_message" />
    <testcase name="make_sysex7_start_packet" file="/Users/franz.detro/dev/libs/3rdparty/ni-midi2/tests/data_message_tests.cpp" line="111" status="run" result="completed" time="0" timestamp="2023-06-16T11:31:06.250" classname="data_message" />
    <testcase name="make_sysex7_continue_packet" file="/Users/franz.detro/dev/libs/3rdparty/ni-midi2/tests/data_message_tests.cpp" line="136" status="run" result="completed" time="0" timestamp="2023-06-16T11:31:06.250" classname="data_message" />
    <testcase name="make_sysex7_end_packet" file="/Users/franz.detro/dev/libs/3rdparty/ni-midi2/tests/data_message_tests.cpp" line="161" status="run" result="completed" time="0" timestamp="2023-06-16T11:31:06.250" classname="data_message" />
    <testcase name="payload_size" file="/Users/franz.detro/dev/libs/3rdparty/ni-midi2/tests/data_message_tests.cpp" line="186" status="run" result="completed" time="0" timestamp="2023-06-16T11:31:06.250" classname="data_message" />
    <testcase name="set_payload_size" file="/Users/franz.detro/dev/libs/3rdparty/ni-midi2/tests/data_message_tests.cpp" line="217" status="run" result="completed" time="0" timestamp="2023-06-16T11:31:06.250" classname="data_message" />
    <testcase name="payload_byte" file="/Users/franz.detro/dev/libs/3rdparty/ni-midi2/tests/data_message_tests.cpp" line="251" status="run" result="completed" time="0" timestamp="2023-06-16T11:31:06.250" classname="data_message" />
    <testcase name="add_payload_byte" file="/Users/franz.detro/dev/libs/3rdparty/ni-midi2/tests/data_message_tests.cpp" line="275" status="run" result="completed" time="0" timestamp="2023-06-16T11:31:06.250" classname="data_message" />
    <testcase name="set_payload_byte" file="/Users/franz.detro/dev/libs/3rdparty/ni-midi2/tests/data_message_tests.cpp" line="336" status="run" result="completed" time="0" timestamp="2023-06-16T11:31:06.250" classname="data_message" />
    <testcase name="sysex7_packet_view" file="/Users/franz.detro/dev/libs/3rdparty/ni-midi2/tests/data_message_tests.cpp" line="382" status="run" result="completed" time="0" timestamp="2023-06-16T11:31:06.250" classname="data_message" />
    <testcase name="is_data_message" file="/Users/franz.detro/dev/libs/3rdparty/ni-midi2/tests/data_message_tests.cpp" line="438" status="run" result="completed" time="0" timestamp="2023-06-16T11:31:06.250" classname="data_message" />
    <testcase name="is_sysex7_packet" file="/Users/franz.detro/dev/libs/3rdparty/ni-midi2/tests/data_message_tests.cpp" line="456" status="run" result="completed" time="0" timestamp="2023-06-16T11:31:06.250" classname="data_message" />
    <testcase name="as_sysex7_packets" file="/Users/franz.detro/dev/libs/3rdparty/ni-midi2/tests/data_message_tests.cpp" line="490" status="run" result="completed" time="0" timestamp="2023-06-16T11:31:06.250" classname="data_message" />
  </testsuite>
  <testsuite name="extended_data_message" tests="2" failures="0" disabled="0" skipped="0" errors="0" time="0" timestamp="2023-06-16T11:31:06.250">
    <testcase name="constructors" file="/Users/franz.detro/dev/libs/3rdparty/ni-midi2/tests/extended_data_message_tests.cpp" line="34" status="run" result="completed" time="0" timestamp="2023-06-16T11:31:06.250" classname="extended_data_message" />
    <testcase name="is_extended_data_message" file="/Users/franz.detro/dev/libs/3rdparty/ni-midi2/tests/extended_data_message_tests.cpp" line="57" status="run" result="completed" time="0" timestamp="2023-06-16T11:31:06.250" classname="extended_data_message" />
  </testsuite>
  <testsuite name="flex_data_message" tests="10" failures="0" disabled="0" skipped="0" errors="0" time="0" timestamp="2023-06-16T11:31:06.250">
    <testcase name="constructors" file="/Users/franz.detro/dev/libs/3rdparty/ni-midi2/tests/flex_data_message_tests.cpp" line="34" status="run" result="completed" time="0" timestamp="2023-06-16T11:31:06.250" classname="flex_data_message" />
    <testcase name="is_flex_data_message" file="/Users/franz.detro/dev/libs/3rdparty/ni-midi2/tests/flex_data_message_tests.cpp" line="101" status="run" result="completed" time="0" timestamp="2023-06-16T11:31:06.250" classname="flex_data_message" />
    <testcase name="flex_data_message_view" file="/Users/franz.detro/dev/libs/3rdparty/ni-midi2/tests/flex_data_message_tests.cpp" line="120" status="run" result="completed" time="0" timestamp="2023-06-16T11:31:06.250" classname="flex_data_message" />
    <testcase name="make_flex_data_message" file="/Users/franz.detro/dev/libs/3rdparty/ni-midi2/tests/flex_data_message_tests.cpp" line="200" status="run" result="completed" time="0" timestamp="2023-06-16T11:31:06.250" classname="flex_data_message" />
    <testcase name="make_flex_data_text_message" file="/Users/franz.detro/dev/libs/3rdparty/ni-midi2/tests/flex_data_message_tests.cpp" line="237" status="run" result="completed" time="0" timestamp="2023-06-16T11:31:06.250" classname="flex_data_message" />
    <testcase name="make_set_tempo_message" file="/Users/franz.detro/dev/libs/3rdparty/ni-midi2/tests/flex_data_message_tests.cpp" line="332" status="run" result="completed" time="0" timestamp="2023-06-16T11:31:06.250" classname="flex_data_message" />
    <testcase name="make_set_time_signature_message" file="/Users/franz.detro/dev/libs/3rdparty/ni-midi2/tests/flex_data_message_tests.cpp" line="369" status="run" result="completed" time="0" timestamp="2023-06-16T11:31:06.250" classname="flex_data_message" />
    <testcase name="make_set_metronome_message" file="/Users/franz.detro/dev/libs/3rdparty/ni-midi2/tests/flex_data_message_tests.cpp" line="406" status="run" result="completed" time="0" timestamp="2023-06-16T11:31:06.250" classname="flex_data_message" />
    <testcase name="make_set_key_signature_message" file="/Users/franz.detro/dev/libs/3rdparty/ni-midi2/tests/flex_data_message_tests.cpp" line="443" status="run" result="completed" time="0" timestamp="2023-06-16T11:31:06.250" classname="flex_data_message" />
    <testcase name="make_set_chord_message" file="/Users/franz.detro/dev/libs/3rdparty/ni-midi2/tests/flex_data_message_tests.cpp" line="480" status="run" result="completed" time="0" timestamp="2023-06-16T11:31:06.250" classname="flex_data_message" />
  </testsuite>
  <testsuite name="stream_message" tests="22" failures="0" disabled="0" skipped="0" errors="0" time="0" timestamp="2023-06-16T11:31:06.250">
    <testcase name="constructors" file="/Users/franz.detro/dev/libs/3rdparty/ni-midi2/tests/stream_message_tests.cpp" line="37" status="run" result="completed" time="0" timestamp="2023-06-16T11:31:06.250" classname="stream_message" />
    <testcase name="set_format" file="/Users/franz.detro/dev/libs/3rdparty/ni-midi2/tests/stream_message_tests.cpp" line="124" status="run" result="completed" time="0" timestamp="2023-06-16T11:31:06.250" classname="stream_message" />
    <testcase name="endpoint_discovery" file="/Users/franz.detro/dev/libs/3rdparty/ni-midi2/tests/stream_message_tests.cpp" line="148" status="run" result="completed" time="0" timestamp="2023-06-16T11:31:06.250" classname="stream_message" />
    <testcase name="endpoint_discovery_view" file="/Users/franz.detro/dev/libs/3rdparty/ni-midi2/tests/stream_message_tests.cpp" line="203" status="run" result="completed" time="0" timestamp="2023-06-16T11:31:06.250" classname="stream_message" />
    <testcase name="endpoint_info" file="/Users/franz.detro/dev/libs/3rdparty/ni-midi2/tests/stream_message_tests.cpp" line="242" status="run" result="completed" time="0" timestamp="2023-06-16T11:31:06.250" classname="stream_message" />
    <testcase name="endpoint_info_view" file="/Users/franz.detro/dev/libs/3rdparty/ni-midi2/tests/stream_message_tests.cpp" line="330" status="run" result="completed" time="0" timestamp="2023-06-16T11:31:06.250" classname="stream_message" />
    <testcase name="device_identity" file="/Users/franz.detro/dev/libs/3rdparty/ni-midi2/tests/stream_message_tests.cpp" line="375" status="run" result="completed" time="0" timestamp="2023-06-16T11:31:06.250" classname="stream_message" />
    <testcase name="device_identity_view" file="/Users/franz.detro/dev/libs/3rdparty/ni-midi2/tests/stream_message_tests.cpp" line="434" status="run" result="completed" time="0" timestamp="2023-06-16T11:31:06.250" classname="stream_message" />
    <testcase name="endpoint_name" file="/Users/franz.detro/dev/libs/3rdparty/ni-midi2/tests/stream_message_tests.cpp" line="461" status="run" result="completed" time="0" timestamp="2023-06-16T11:31:06.250" classname="stream_message" />
    <testcase name="endpoint_name_view" file="/Users/franz.detro/dev/libs/3rdparty/ni-midi2/tests/stream_message_tests.cpp" line="556" status="run" result="completed" time="0" timestamp="2023-06-16T11:31:06.250" classname="stream_message" />
    <testcase name="product_instance_id" file="/Users/franz.detro/dev/libs/3rdparty/ni-midi2/tests/stream_message_tests.cpp" line="591" status="run" result="completed" time="0" timestamp="2023-06-16T11:31:06.250" classname="stream_message" />
    <testcase name="product_instance_id_view" file="/Users/franz.detro/dev/libs/3rdparty/ni-midi2/tests/stream_message_tests.cpp" line="636" status="run" result="completed" time="0" timestamp="2023-06-16T11:31:06.250" classname="stream_message" />
    <testcase name="stream_configuration_request" file="/Users/franz.detro/dev/libs/3rdparty/ni-midi2/tests/stream_message_tests.cpp" line="672" status="run" result="completed" time="0" timestamp="2023-06-16T11:31:06.250" classname="stream_message" />
    <testcase name="stream_configuration_request_view" file="/Users/franz.detro/dev/libs/3rdparty/ni-midi2/tests/stream_message_tests.cpp" line="748" status="run" result="completed" time="0" timestamp="2023-06-16T11:31:06.250" classname="stream_message" />
    <testcase name="make_stream_configuration_notification" file="/Users/franz.detro/dev/libs/3rdparty/ni-midi2/tests/stream_message_tests.cpp" line="785" status="run" result="completed" time="0" timestamp="2023-06-16T11:31:06.250" classname="stream_message" />
    <testcase name="make_stream_configuration_notification_view" file="/Users/franz.detro/dev/libs/3rdparty/ni-midi2/tests/stream_message_tests.cpp" line="835" status="run" result="completed" time="0" timestamp="2023-06-16T11:31:06.250" classname="stream_message" />
    <testcase name="function_block_discovery" file="/Users/franz.detro/dev/libs/3rdparty/ni-midi2/tests/stream_message_tests.cpp" line="871" status="run" result="completed" time="0" timestamp="2023-06-16T11:31:06.250" classname="stream_message" />
    <testcase name="function_block_discovery_view" file="/Users/franz.detro/dev/libs/3rdparty/ni-midi2/tests/stream_message_tests.cpp" line="922" status="run" result="completed" time="0" timestamp="2023-06-16T11:31:06.250" classname="stream_message" />
    <testcase name="function_block_info" file="/Users/franz.detro/dev/libs/3rdparty/ni-midi2/tests/stream_message_tests.cpp" line="957" status="run" result="completed" time="0" timestamp="2023-06-16T11:31:06.250" classname="stream_message" />
    <testcase name="function_block_info_view" file="/Users/franz.detro/dev/libs/3rdparty/ni-midi2/tests/stream_message_tests.cpp" line="1130" status="run" result="completed" time="0" timestamp="2023-06-16T11:31:06.250" classname="stream_message" />
    <testcase name="function_block_name" file="/Users/franz.detro/dev/libs/3rdparty/ni-midi2/tests/stream_message_tests.cpp" line="1193" status="run" result="completed" time="0" timestamp="2023-06-16T11:31:06.250" classname="stream_message" />
    <testcase name="function_block_name_view" file="/Users/franz.detro/dev/libs/3rdparty/ni-midi2/tests/stream_message_tests.cpp" line="1242" status="run" result="completed" time="0" timestamp="2023-06-16T11:31:06.250" classname="stream_message" />
  </testsuite>
</testsuites>
